make all --print-data-base --no-builtin-variables --no-builtin-rules --question
# GNU Make 3.81
# Copyright (C) 2006  Free Software Foundation, Inc.
# This is free software; see the source for copying conditions.
# There is NO warranty; not even for MERCHANTABILITY or FITNESS FOR A
# PARTICULAR PURPOSE.

# This program built for i386-apple-darwin11.3.0
 

# Make data base, printed on Tue May 24 12:14:10 2022

# Variables

# automatic
<D = $(patsubst %/,%,$(dir $<))
# automatic
?F = $(notdir $?)
# environment
VSCODE_LOG_NATIVE = false
# automatic
?D = $(patsubst %/,%,$(dir $?))
# automatic
@D = $(patsubst %/,%,$(dir $@))
# automatic
@F = $(notdir $@)
# makefile
CURDIR := /Users/vijayasankar/Work/relay
# makefile (from `makefile', line 1)
SHELL := /bin/bash
# environment
VSCODE_NLS_CONFIG = {"locale":"en-gb","availableLanguages":{},"_languagePackSupport":true}
# environment
_ = /usr/bin/make
# makefile (from `makefile', line 1)
MAKEFILE_LIST :=  makefile
# environment
VSCODE_AMD_ENTRYPOINT = vs/workbench/api/node/extensionHostProcess
# environment
VSCODE_VERBOSE_LOGGING = true
# environment
__CFBundleIdentifier = com.microsoft.VSCode
# environment
VSCODE_IPC_HOOK_EXTHOST = /var/folders/r3/3kd_02bs2lz8x69kryggsnv80000gn/T/vscode-ipc-33a549a5-45c0-401e-9d07-20af796ed012.sock
# environment
VSCODE_CWD = /
# environment
GOPROXY = https://proxy.golang.org,direct
# environment
PATH = /usr/local/bin:/usr/bin:/bin:/usr/sbin:/sbin:/usr/local/go/bin
# makefile (from `makefile', line 3)
PROJECT = relay-project
# environment
GOPATH = /Users/vijayasankar/go
# environment
VSCODE_LOG_STACK = false
# environment
ELECTRON_RUN_AS_NODE = 1
# default
.FEATURES := target-specific order-only second-expansion else-if archives jobserver check-symlink
# environment
SSH_AUTH_SOCK = /private/tmp/com.apple.launchd.sFLpeOpvGc/Listeners
# automatic
%F = $(notdir $%)
# environment
VSCODE_PIPE_LOGGING = true
# environment
PWD = /Users/vijayasankar/Work/relay
# environment
ORIGINAL_XDG_CURRENT_DESKTOP = undefined
# environment
GOMODCACHE = /Users/vijayasankar/go/pkg/mod
# environment
HOME = /Users/vijayasankar
# default
MAKEFILEPATH = $(shell /usr/bin/xcode-select -print-path 2>/dev/null || echo /Developer)/Makefiles
# environment
VSCODE_CODE_CACHE_PATH = /Users/vijayasankar/Library/Application Support/Code/CachedData/da15b6fd3ef856477bf6f4fb29ba1b7af717770d
# environment
LOGNAME = vijayasankar
# environment
APPLICATION_INSIGHTS_NO_DIAGNOSTIC_CHANNEL = 1
# environment
VSCODE_HANDLES_UNCAUGHT_ERRORS = true
# automatic
^D = $(patsubst %/,%,$(dir $^))
# environment
XPC_FLAGS = 0x0
# default
MAKE = $(MAKE_COMMAND)
# default
MAKECMDGOALS := all
# environment
SHLVL = 1
# default
MAKE_VERSION := 3.81
# environment
USER = vijayasankar
# makefile
.DEFAULT_GOAL := all
# automatic
%D = $(patsubst %/,%,$(dir $%))
# default
MAKE_COMMAND := /Library/Developer/CommandLineTools/usr/bin/make
# default
.VARIABLES := 
# environment
TMPDIR = /var/folders/r3/3kd_02bs2lz8x69kryggsnv80000gn/T/
# automatic
*F = $(notdir $*)
# environment
VSCODE_IPC_HOOK = /Users/vijayasankar/Library/Application Support/Code/1.67.1-main.sock
# makefile
MAKEFLAGS = Rrqp
# environment
MFLAGS = -Rrqp
# automatic
*D = $(patsubst %/,%,$(dir $*))
# environment
XPC_SERVICE_NAME = application.com.microsoft.VSCode.12329519.12329525
# automatic
+D = $(patsubst %/,%,$(dir $+))
# automatic
+F = $(notdir $+)
# environment
__CF_USER_TEXT_ENCODING = 0x1F5:0x0:0x0
# environment
COMMAND_MODE = unix2003
# default
MAKEFILES := 
# automatic
<F = $(notdir $<)
# environment
LC_ALL = C
# automatic
^F = $(notdir $^)
# default
SUFFIXES := 
# default
.INCLUDE_DIRS = /usr/local/include
# environment
MAKELEVEL := 0
# environment
LANG = C
# environment
VSCODE_PID = 77687
# variable set hash-table stats:
# Load=66/1024=6%, Rehash=0, Collisions=2/94=2%

# Pattern-specific Variable Values

# No pattern-specific variable values.

# Directories

# . (device 16777224, inode 446596): 22 files, no impossibilities.

# 22 files, no impossibilities in 1 directories.

# Implicit Rules

# No implicit rules.

# Files

deploy-api:
#  Implicit rule search has not been done.
#  Modification time never checked.
#  File has not been updated.
#  commands to execute (from `makefile', line 91):
	./deploy-api.sh
	

stop-all:
#  Implicit rule search has not been done.
#  Modification time never checked.
#  File has not been updated.
#  commands to execute (from `makefile', line 72):
	docker stop $(docker ps -aq)
	

all: relay-api metrics
#  Command-line target.
#  Implicit rule search has been done.
#  File does not exist.
#  File has been updated.
#  Needs to be updated (-q is set).
# variable set hash-table stats:
# Load=0/32=0%, Rehash=0, Collisions=0/3=0%

admin:
#  Implicit rule search has not been done.
#  Modification time never checked.
#  File has not been updated.
#  commands to execute (from `makefile', line 14):
	go run ./cmd/relay-admin/main.go --db-disable-tls=1 useradd admin@example.com gophers
	

metrics:
#  Implicit rule search has not been done.
#  Modification time never checked.
#  File has not been updated.
#  commands to execute (from `makefile', line 47):
	docker build \
	-f dockerfile.metrics \
	-t gcr.io/$(PROJECT)/metrics-amd64:1.0 \
	--build-arg PACKAGE_NAME=metrics \
	--build-arg PACKAGE_PREFIX=sidecar/ \
	--build-arg VCS_REF=`git rev-parse HEAD` \
	--build-arg BUILD_DATE=`date -u +”%Y-%m-%dT%H:%M:%SZ”` \
	.
	

up:
 
#  Implicit rule search has not been done.
#  Modification time never checked.
#  File has not been updated.
#  commands to execute (from `makefile', line 57):
	docker-compose up
	

# Not a target:
.SUFFIXES:
#  Implicit rule search has not been done.
#  Modification time never checked.
#  File has not been updated.

worker:
#  Implicit rule search has not been done.
#  Modification time never checked.
#  File has not been updated.
#  commands to execute (from `makefile', line 11):
	go run ./cmd/relay-worker/main.go
	

test:
#  Implicit rule search has not been done.
#  Modification time never checked.
#  File has not been updated.
#  commands to execute (from `makefile', line 63):
	go test -mod=vendor ./... -count=1
	

# Not a target:
makefile:
#  Implicit rule search has been done.
#  Last modified 2022-05-12 16:16:28
#  File has been updated.
#  Successfully updated.
# variable set hash-table stats:
# Load=0/32=0%, Rehash=0, Collisions=0/0=0%

build:
#  Implicit rule search has not been done.
#  Modification time never checked.
#  File has not been updated.
#  commands to execute (from `makefile', line 88):
	env GOOS=linux GOARCH=arm go build ./cmd/relay-api -o bin/application application.go
	

remove-all:
#  Implicit rule search has not been done.
#  Modification time never checked.
#  File has not been updated.
#  commands to execute (from `makefile', line 75):
	docker rm $(docker ps -aq)
	

seed: migrate
#  Implicit rule search has not been done.
#  Modification time never checked.
#  File has not been updated.
#  commands to execute (from `makefile', line 23):
	go run ./cmd/relay-admin/main.go --db-disable-tls=1 seed
	

migrate:
#  Implicit rule search has not been done.
#  Modification time never checked.
#  File has not been updated.
#  commands to execute (from `makefile', line 20):
	go run ./cmd/relay-admin/main.go --db-disable-tls=1 migrate
	

crm:
#  Implicit rule search has not been done.
#  Modification time never checked.
#  File has not been updated.
#  commands to execute (from `makefile', line 26):
	go run ./cmd/relay-admin/main.go --db-disable-tls=1 crmadd
	

hr:
#  Implicit rule search has not been done.
#  Modification time never checked.
#  File has not been updated.
#  commands to execute (from `makefile', line 35):
	go run ./cmd/relay-admin/main.go --db-disable-tls=1 hradd
	

relay-api:
#  Implicit rule search has not been done.
#  Implicit/static pattern stem: `'
#  File does not exist.
#  File has been updated.
#  Needs to be updated (-q is set).
# automatic
# @ := relay-api
# automatic
# % := 
# automatic
# * := 
# automatic
# + := 
# automatic
# | := 
# automatic
# < := 
# automatic
# ^ := 
# automatic
# ? := 
# variable set hash-table stats:
# Load=8/32=25%, Rehash=0, Collisions=1/11=9%
#  commands to execute (from `makefile', line 38):
	docker build \
	-f dockerfile.relay-api \
	-t gcr.io/$(PROJECT)/relay-api-amd64:1.0 \
	--build-arg PACKAGE_NAME=relay-api \
	--build-arg VCS_REF=`git rev-parse HEAD` \
	--build-arg BUILD_DATE=`date -u +”%Y-%m-%dT%H:%M:%SZ”` \
	.
	

# Not a target:
.DEFAULT:
#  Implicit rule search has not been done.
#  Modification time never checked.
#  File has not been updated.

clean-test:
#  Implicit rule search has not been done.
#  Modification time never checked.
#  File has not been updated.
#  commands to execute (from `makefile', line 66):
	go clean -testcache
	

deploy-worker:
#  Implicit rule search has not been done.
#  Modification time never checked.
#  File has not been updated.
#  commands to execute (from `makefile', line 94):
	./deploy-worker.sh
	

ctm:
#  Implicit rule search has not been done.
#  Modification time never checked.
#  File has not been updated.
#  commands to execute (from `makefile', line 32):
	go run ./cmd/relay-admin/main.go --db-disable-tls=1 ctmadd
	

run:
#  Implicit rule search has not been done.
#  Modification time never checked.
#  File has not been updated.
#  commands to execute (from `makefile', line 8):
	go run ./cmd/relay-api/main.go
	

clean:
#  Implicit rule search has not been done.
#  Modification time never checked.
#  File has not been updated.
#  commands to execute (from `makefile', line 69):
	docker system prune -f
	

csm:
#  Implicit rule search has not been done.
#  Modification time never checked.
#  File has not been updated.
#  commands to execute (from `makefile', line 29):
	go run ./cmd/relay-admin/main.go --db-disable-tls=1 csmadd
	

keys:
#  Implicit rule search has not been done.
#  Modification time never checked.
#  File has not been updated.
#  commands to execute (from `makefile', line 17):
	go run ./cmd/relay-admin/main.go keygen private.pem
	

deps-reset:
#  Implicit rule search has not been done.
#  Modification time never checked.
#  File has not been updated.
#  commands to execute (from `makefile', line 78):
	git checkout -- go.mod
	go mod tidy
	

deps-cleancache:
#  Implicit rule search has not been done.
#  Modification time never checked.
#  File has not been updated.
#  commands to execute (from `makefile', line 85):
	go clean -modcache
	

deploy-admin:
#  Implicit rule search has not been done.
#  Modification time never checked.
#  File has not been updated.
#  commands to execute (from `makefile', line 97):
	./deploy-admin.sh
	

down:
#  Implicit rule search has not been done.
#  Modification time never checked.
#  File has not been updated.
#  commands to execute (from `makefile', line 60):
	docker-compose down
	

deps-upgrade:
#  Implicit rule search has not been done.
#  Modification time never checked.
#  File has not been updated.
#  commands to execute (from `makefile', line 82):
	go get $(go list -f '{{if not (or .Main .Indirect)}}{{.Path}}{{end}}' -m all)
	
 

# files hash-table stats:
# Load=30/1024=3%, Rehash=0, Collisions=1/47=2%
# VPATH Search Paths

# No `vpath' search paths.

# No general (`VPATH' variable) search path.

# # of strings in strcache: 1
# # of strcache buffers: 1
# strcache size: total = 4096 / max = 4096 / min = 4096 / avg = 4096
# strcache free: total = 4087 / max = 4087 / min = 4087 / avg = 4087

# Finished Make data base on Tue May 24 12:14:10 2022

 
